SELECT ISBN, Title, Stock FROM Book

ISBN                           TITLE                                                                                                                                                                                                                                                                                                        STOCK
------------------------------ ------------------------------------------------------------------------------------------------------------------------------------------------------------------------------------------------------------------------------------------------------------------------------------------------------------ -----------
978-0316015844                 Twilight                                                                                                                                                                                                                                                                                                               2
978-0316231886                 New Moon                                                                                                                                                                                                                                                                                                               3
978-0062252746                 The Body Book: The Law of Hunger, the Science of Strength, and Other Ways to Love Your Amazing Body                                                                                                                                                                                                                    1
978-0061870781                 The EveryGirl’s Guide to Life                                                                                                                                                                                                                                                                                          1
978-0385753845                 How to Babysit a Grandma                                                                                                                                                                                                                                                                                               1
978-0061957932                 The Undead Pool                                                                                                                                                                                                                                                                                                        1
978-1455577798                 The Virgin Diet Cookbook                                                                                                                                                                                                                                                                                               4
978-0061957925                 Ever After                                                                                                                                                                                                                                                                                                             1
978-0375842207                 The Book Thief                                                                                                                                                                                                                                                                                                         1
978-0525478812                 The Fault in Our Stars                                                                                                                                                                                                                                                                                                 1
893809                         hahaha                                                                                                                                                                                                                                                                                                                55
9808080980                     lalala                                                                                                                                                                                                                                                                                                                 8

  12 record(s) selected.

SELECT * FROM AppliesTo WHERE CouponCode='CLEARANCE'

COUPONCODE           ISBN
-------------------- ------------------------------

  0 record(s) selected.

SELECT * FROM Coupons WHERE CouponCode='CLEARANCE'

COUPONCODE           VALIDFROM                  VALIDUNTIL                 PERCENT
-------------------- -------------------------- -------------------------- -------

  0 record(s) selected.

UPDATE Book SET Stock=9 WHERE title='Twilight'


DB20000I  The SQL command completed successfully.

Note that the coupon tables are still empty until the stock falls below 3
SELECT * FROM AppliesTo WHERE CouponCode='CLEARANCE'

COUPONCODE           ISBN
-------------------- ------------------------------

  0 record(s) selected.

SELECT * FROM Coupons WHERE CouponCode='CLEARANCE'

COUPONCODE           VALIDFROM                  VALIDUNTIL                 PERCENT
-------------------- -------------------------- -------------------------- -------

  0 record(s) selected.

UPDATE Book SET Stock=2 WHERE title='Twilight'
  
DB20000I  The SQL command completed successfully.

SELECT * FROM AppliesTo WHERE CouponCode='CLEARANCE'

COUPONCODE           ISBN
-------------------- ------------------------------
CLEARANCE            978-0316015844

  1 record(s) selected.

SELECT * FROM Coupons WHERE CouponCode='CLEARANCE'

COUPONCODE           VALIDFROM                  VALIDUNTIL                 PERCENT
-------------------- -------------------------- -------------------------- -------
CLEARANCE            2014-03-24-10.41.30.798042 2014-03-26-10.41.30.798042   75.00

  1 record(s) selected.
