
AUTHORID    FIRSTNAME                      LASTNAME                      
----------- ------------------------------ ------------------------------
          1 Stephenie                      Meyer                         

  1 record(s) selected.



TITLE                                                                                                                                                                                                                                                                                                       
------------------------------------------------------------------------------------------------------------------------------------------------------------------------------------------------------------------------------------------------------------------------------------------------------------
New Moon                                                                                                                                                                                                                                                                                                    
The Fault in Our Stars                                                                                                                                                                                                                                                                                      
Twilight                                                                                                                                                                                                                                                                                                    

  3 record(s) selected.



FIRSTNAME                      LASTNAME                      
------------------------------ ------------------------------
Jane                           Patel                         
JR                             Smith                         
John                           Smith                         

  3 record(s) selected.



TITLE                                                                                                                                                                                                                                                                                                        NO_COUPONS 
------------------------------------------------------------------------------------------------------------------------------------------------------------------------------------------------------------------------------------------------------------------------------------------------------------ -----------
Twilight                                                                                                                                                                                                                                                                                                               5

  1 record(s) selected.



TITLE                                                                                                                                                                                                                                                                                                        AVG_STARS  
------------------------------------------------------------------------------------------------------------------------------------------------------------------------------------------------------------------------------------------------------------------------------------------------------------ -----------
Twilight                                                                                                                                                                                                                                                                                                               4

  1 record(s) selected.


